[debug] [2024-02-03T08:52:18.790Z] ----------------------------------------------------------------------
[debug] [2024-02-03T08:52:18.792Z] Command:       C:\Program Files\nodejs\node.exe C:\Users\Rakesh\AppData\Roaming\npm\node_modules\firebase-tools\lib\bin\firebase.js init
[debug] [2024-02-03T08:52:18.793Z] CLI Version:   13.1.0
[debug] [2024-02-03T08:52:18.793Z] Platform:      win32
[debug] [2024-02-03T08:52:18.794Z] Node Version:  v18.16.0
[debug] [2024-02-03T08:52:18.795Z] Time:          Sat Feb 03 2024 14:22:18 GMT+0530 (India Standard Time)
[debug] [2024-02-03T08:52:18.795Z] ----------------------------------------------------------------------
[debug] 
[debug] [2024-02-03T08:52:18.879Z] > command requires scopes: ["email","openid","https://www.googleapis.com/auth/cloudplatformprojects.readonly","https://www.googleapis.com/auth/firebase","https://www.googleapis.com/auth/cloud-platform"]
[debug] [2024-02-03T08:52:18.879Z] > authorizing via signed-in user (rakeshmaurya9555@gmail.com)
[info] 
     ######## #### ########  ######## ########     ###     ######  ########
     ##        ##  ##     ## ##       ##     ##  ##   ##  ##       ##
     ######    ##  ########  ######   ########  #########  ######  ######
     ##        ##  ##    ##  ##       ##     ## ##     ##       ## ##
     ##       #### ##     ## ######## ########  ##     ##  ######  ########

You're about to initialize a Firebase project in this directory:

  C:\Users\Rakesh\Desktop\New folder (3)\test-foto-verify

Before we get started, keep in mind:

  * You are initializing within an existing Firebase project directory

